TN:
SF:script/AddLiquidity.s.sol
DA:32,0
FN:32,LiquidityHelper.constructor
FNDA:0,LiquidityHelper.constructor
DA:33,0
DA:34,0
DA:37,0
FN:37,LiquidityHelper.addLiquidity
FNDA:0,LiquidityHelper.addLiquidity
DA:38,0
BRDA:38,0,0,-
BRDA:38,0,1,-
DA:39,0
DA:40,0
DA:43,0
FN:43,LiquidityHelper.unlockCallback
FNDA:0,LiquidityHelper.unlockCallback
DA:44,0
BRDA:44,1,0,-
BRDA:44,1,1,-
DA:45,0
DA:47,0
DA:59,0
DA:60,0
DA:63,0
BRDA:63,2,0,-
BRDA:63,2,1,-
DA:64,0
DA:66,0
DA:68,0
BRDA:68,3,0,-
BRDA:68,3,1,-
DA:69,0
DA:71,0
DA:75,0
BRDA:75,4,0,-
BRDA:75,4,1,-
DA:77,0
DA:78,0
DA:79,0
DA:80,0
DA:81,0
DA:82,0
BRDA:82,5,0,-
DA:83,0
DA:87,0
BRDA:87,6,0,-
BRDA:87,6,1,-
DA:88,0
DA:89,0
DA:90,0
DA:91,0
DA:92,0
DA:93,0
BRDA:93,7,0,-
DA:94,0
DA:97,0
DA:113,0
FN:113,AddLiquidity.run
FNDA:0,AddLiquidity.run
DA:114,0
DA:115,0
DA:116,0
DA:118,0
DA:119,0
DA:121,0
DA:124,0
DA:125,0
DA:128,0
DA:131,0
BRDA:131,8,0,-
BRDA:131,8,1,-
DA:132,0
DA:135,0
DA:138,0
BRDA:138,9,0,-
BRDA:138,9,1,-
DA:139,0
DA:140,0
BRDA:140,10,0,-
BRDA:140,10,1,-
DA:141,0
DA:142,0
DA:145,0
BRDA:145,11,0,-
BRDA:145,11,1,-
DA:146,0
DA:148,0
DA:152,0
DA:154,0
DA:155,0
DA:160,0
DA:171,0
DA:172,0
DA:173,0
DA:176,0
DA:178,0
DA:179,0
DA:180,0
DA:181,0
DA:183,0
DA:191,0
DA:192,0
DA:194,0
DA:196,0
DA:197,0
DA:198,0
FNF:4
FNH:0
LF:76
LH:0
BRF:22
BRH:0
end_of_record
TN:
SF:script/AddLiquidityTo10000Pool.s.sol
DA:28,0
FN:28,LiquidityHelper10000.constructor
FNDA:0,LiquidityHelper10000.constructor
DA:29,0
DA:30,0
DA:33,0
FN:33,LiquidityHelper10000.addLiquidity
FNDA:0,LiquidityHelper10000.addLiquidity
DA:40,0
DA:48,0
DA:49,0
DA:52,0
FN:52,LiquidityHelper10000.unlockCallback
FNDA:0,LiquidityHelper10000.unlockCallback
DA:53,0
BRDA:53,0,0,-
BRDA:53,0,1,-
DA:55,0
DA:57,0
DA:68,0
DA:69,0
DA:71,0
BRDA:71,1,0,-
BRDA:71,1,1,-
DA:72,0
DA:74,0
DA:76,0
BRDA:76,2,0,-
BRDA:76,2,1,-
DA:77,0
DA:79,0
DA:83,0
BRDA:83,3,0,-
BRDA:83,3,1,-
DA:84,0
DA:85,0
DA:86,0
DA:87,0
DA:88,0
DA:89,0
BRDA:89,4,0,-
DA:90,0
DA:94,0
BRDA:94,5,0,-
BRDA:94,5,1,-
DA:95,0
DA:96,0
DA:97,0
DA:98,0
DA:99,0
DA:100,0
BRDA:100,6,0,-
DA:101,0
DA:104,0
DA:116,0
FN:116,AddLiquidityTo10000Pool.run
FNDA:0,AddLiquidityTo10000Pool.run
DA:117,0
DA:119,0
DA:120,0
DA:122,0
DA:125,0
DA:126,0
DA:129,0
DA:130,0
DA:133,0
DA:134,0
DA:135,0
BRDA:135,7,0,-
BRDA:135,7,1,-
DA:138,0
DA:139,0
DA:140,0
DA:143,0
DA:153,0
DA:154,0
DA:155,0
DA:157,0
DA:159,0
DA:160,0
DA:161,0
DA:162,0
DA:164,0
DA:172,0
DA:174,0
DA:175,0
DA:176,0
DA:177,0
FNF:4
FNH:0
LF:66
LH:0
BRF:14
BRH:0
end_of_record
TN:
SF:script/Deploy.s.sol
DA:37,0
FN:37,DeployILAL.run
FNDA:0,DeployILAL.run
DA:38,0
DA:39,0
DA:41,0
BRDA:41,0,0,-
BRDA:41,0,1,-
DA:46,0
DA:47,0
DA:48,0
DA:50,0
DA:54,0
DA:55,0
DA:59,0
DA:60,0
DA:64,0
DA:69,0
DA:73,0
DA:77,0
DA:81,0
DA:83,0
DA:86,0
DA:89,0
DA:94,0
FN:94,DeployILAL.deployRegistry
FNDA:0,DeployILAL.deployRegistry
DA:99,0
DA:100,0
DA:103,0
DA:109,0
DA:114,0
DA:117,0
FN:117,DeployILAL.deployVerifier
FNDA:0,DeployILAL.deployVerifier
DA:119,0
DA:124,0
DA:127,0
FN:127,DeployILAL.deploySessionManager
FNDA:0,DeployILAL.deploySessionManager
DA:133,0
DA:134,0
DA:137,0
DA:145,0
DA:150,0
DA:153,0
FN:153,DeployILAL.deployComplianceHook
FNDA:0,DeployILAL.deployComplianceHook
DA:157,0
DA:162,0
FN:162,DeployILAL.configureRegistry
FNDA:0,DeployILAL.configureRegistry
DA:165,0
DA:172,0
BRDA:172,1,0,-
BRDA:172,1,1,-
DA:174,0
DA:184,0
FN:184,DeployILAL.printDeploymentSummary
FNDA:0,DeployILAL.printDeploymentSummary
DA:185,0
DA:189,0
DA:190,0
DA:191,0
DA:192,0
DA:193,0
DA:194,0
DA:195,0
DA:196,0
DA:208,0
FN:208,DeployILAL.saveDeploymentAddresses
FNDA:0,DeployILAL.saveDeploymentAddresses
DA:209,0
DA:211,0
DA:212,0
DA:213,0
DA:214,0
DA:216,0
DA:223,0
DA:225,0
DA:226,0
FNF:8
FNH:0
LF:61
LH:0
BRF:4
BRH:0
end_of_record
TN:
SF:script/DeployHookViaCREATE2.s.sol
DA:30,0
FN:30,DeployHookViaCREATE2.run
FNDA:0,DeployHookViaCREATE2.run
DA:31,0
DA:32,0
DA:34,0
DA:35,0
DA:36,0
DA:37,0
DA:38,0
DA:39,0
DA:40,0
DA:41,0
DA:44,0
DA:49,0
DA:50,0
DA:51,0
DA:52,0
DA:55,0
DA:70,0
DA:71,0
BRDA:71,0,0,-
BRDA:71,0,1,-
DA:72,0
DA:73,0
DA:76,0
DA:77,0
DA:80,0
DA:84,0
BRDA:84,1,0,-
BRDA:84,1,1,-
DA:85,0
DA:87,0
DA:89,0
DA:90,0
DA:93,0
BRDA:93,2,0,-
BRDA:93,2,1,-
DA:94,0
BRDA:94,3,0,-
BRDA:94,3,1,-
DA:97,0
DA:98,0
DA:99,0
DA:100,0
DA:101,0
DA:102,0
BRDA:102,4,0,-
BRDA:102,4,1,-
DA:104,0
DA:105,0
DA:106,0
DA:107,0
DA:108,0
FNF:1
FNH:0
LF:42
LH:0
BRF:10
BRH:0
end_of_record
TN:
SF:script/DeployMainnet.s.sol
DA:30,0
FN:30,DeployMainnet.run
FNDA:0,DeployMainnet.run
DA:32,0
DA:33,0
DA:34,0
DA:36,0
BRDA:36,0,0,-
BRDA:36,0,1,-
DA:37,0
BRDA:37,1,0,-
BRDA:37,1,1,-
DA:39,0
DA:40,0
DA:41,0
DA:42,0
DA:43,0
DA:44,0
DA:46,0
DA:49,0
DA:50,0
DA:51,0
DA:55,0
DA:59,0
DA:60,0
DA:63,0
DA:64,0
DA:65,0
DA:71,0
DA:75,0
DA:76,0
DA:79,0
DA:80,0
DA:81,0
DA:82,0
DA:85,0
DA:86,0
DA:91,0
DA:92,0
DA:94,0
DA:97,0
DA:98,0
DA:99,0
DA:100,0
DA:101,0
DA:102,0
DA:103,0
DA:104,0
DA:105,0
DA:106,0
DA:107,0
DA:108,0
DA:109,0
DA:110,0
FNF:1
FNH:0
LF:48
LH:0
BRF:4
BRH:0
end_of_record
TN:
SF:script/DeployPlonk.s.sol
DA:37,0
FN:37,DeployPlonk.setUp
FNDA:0,DeployPlonk.setUp
DA:39,0
FN:39,DeployPlonk.run
FNDA:0,DeployPlonk.run
DA:41,0
DA:42,0
DA:43,0
DA:45,0
DA:46,0
DA:47,0
DA:48,0
DA:49,0
DA:50,0
DA:51,0
DA:52,0
DA:55,0
DA:58,0
DA:61,0
DA:63,0
DA:66,0
DA:72,0
FN:72,DeployPlonk.deployAllContracts
FNDA:0,DeployPlonk.deployAllContracts
DA:73,0
DA:74,0
DA:77,0
DA:78,0
DA:79,0
DA:81,0
DA:82,0
DA:83,0
DA:84,0
DA:87,0
DA:88,0
DA:89,0
DA:91,0
DA:96,0
DA:100,0
DA:101,0
DA:102,0
DA:105,0
DA:106,0
DA:107,0
DA:109,0
DA:116,0
DA:120,0
DA:121,0
DA:122,0
DA:125,0
DA:126,0
DA:130,0
DA:131,0
DA:134,0
DA:139,0
DA:141,0
BRDA:141,0,0,-
DA:143,0
BRDA:143,1,0,-
BRDA:143,1,1,-
DA:145,0
DA:146,0
DA:147,0
BRDA:147,2,0,-
BRDA:147,2,1,-
DA:149,0
DA:150,0
DA:152,0
DA:153,0
DA:157,0
DA:162,0
DA:163,0
DA:165,0
DA:166,0
DA:169,0
FN:169,DeployPlonk.configureSystem
FNDA:0,DeployPlonk.configureSystem
DA:170,0
DA:171,0
DA:176,0
BRDA:176,3,0,-
BRDA:176,3,1,-
DA:177,0
DA:184,0
DA:186,0
DA:187,0
DA:190,0
DA:191,0
DA:192,0
DA:195,0
FN:195,DeployPlonk.printDeploymentInfo
FNDA:0,DeployPlonk.printDeploymentInfo
DA:196,0
DA:197,0
DA:198,0
DA:199,0
DA:200,0
DA:201,0
DA:202,0
DA:203,0
DA:204,0
DA:205,0
DA:206,0
DA:207,0
DA:208,0
DA:209,0
DA:210,0
DA:211,0
DA:212,0
DA:213,0
DA:214,0
DA:215,0
DA:216,0
DA:217,0
DA:220,0
FN:220,DeployPlonk.saveDeploymentAddresses
FNDA:0,DeployPlonk.saveDeploymentAddresses
DA:222,0
DA:239,0
DA:245,0
DA:246,0
FNF:6
FNH:0
LF:103
LH:0
BRF:7
BRH:0
end_of_record
TN:
SF:script/DeploySimpleSwapRouter.s.sol
DA:21,0
FN:21,DeploySimpleSwapRouter.run
FNDA:0,DeploySimpleSwapRouter.run
DA:22,0
DA:23,0
DA:25,0
DA:26,0
DA:27,0
DA:28,0
DA:29,0
DA:30,0
DA:31,0
DA:32,0
DA:34,0
DA:37,0
DA:39,0
DA:41,0
DA:42,0
DA:43,0
DA:44,0
DA:45,0
DA:46,0
DA:47,0
DA:48,0
DA:49,0
DA:50,0
DA:51,0
DA:52,0
DA:53,0
DA:57,0
DA:58,0
DA:59,0
DA:60,0
DA:61,0
DA:62,0
FNF:1
FNH:0
LF:33
LH:0
BRF:0
BRH:0
end_of_record
TN:
SF:script/DirectSwapTest.s.sol
DA:111,0
FN:111,DirectSwapTest.run
FNDA:0,DirectSwapTest.run
DA:112,0
DA:113,0
DA:115,0
DA:116,0
DA:118,0
DA:120,0
DA:123,0
DA:124,0
DA:125,0
DA:128,0
DA:129,0
DA:132,0
DA:133,0
DA:134,0
BRDA:134,7,0,-
BRDA:134,7,1,-
DA:135,0
DA:138,0
DA:139,0
DA:140,0
DA:141,0
DA:144,0
DA:154,0
DA:160,0
DA:162,0
DA:163,0
DA:164,0
DA:165,0
DA:166,0
DA:169,0
DA:171,0
DA:173,0
DA:174,0
DA:175,0
DA:176,0
DA:177,0
DA:178,0
FNF:1
FNH:0
LF:36
LH:0
BRF:2
BRH:0
end_of_record
TN:
SF:script/DirectSwapTest500.s.sol
DA:80,0
FN:80,DirectSwapTest500.run
FNDA:0,DirectSwapTest500.run
DA:81,0
DA:82,0
DA:84,0
DA:86,0
DA:87,0
DA:89,0
BRDA:89,6,0,-
BRDA:89,6,1,-
DA:91,0
DA:92,0
DA:94,0
DA:103,0
DA:109,0
DA:110,0
DA:112,0
DA:114,0
DA:115,0
DA:116,0
FNF:1
FNH:0
LF:17
LH:0
BRF:2
BRH:0
end_of_record
TN:
SF:script/GrantVerifierRole.s.sol
DA:29,0
FN:29,GrantVerifierRole.run
FNDA:0,GrantVerifierRole.run
DA:31,0
DA:32,0
DA:34,0
DA:35,0
DA:36,0
DA:39,0
DA:40,0
BRDA:40,0,0,-
DA:41,0
DA:42,0
DA:45,0
DA:47,0
DA:49,0
DA:52,0
BRDA:52,1,0,-
BRDA:52,1,1,-
DA:53,0
DA:54,0
FNF:1
FNH:0
LF:16
LH:0
BRF:3
BRH:0
end_of_record
TN:
SF:script/InitializePool10000.s.sol
DA:27,0
FN:27,InitializePool10000.run
FNDA:0,InitializePool10000.run
DA:28,0
DA:29,0
DA:30,0
DA:33,0
DA:44,0
DA:45,0
DA:47,0
DA:48,0
DA:49,0
DA:50,0
DA:51,0
DA:53,0
DA:54,0
DA:56,0
DA:57,0
DA:59,0
DA:61,0
DA:62,0
DA:63,0
DA:64,0
DA:65,0
DA:68,0
DA:69,0
DA:70,0
DA:71,0
FNF:1
FNH:0
LF:26
LH:0
BRF:0
BRH:0
end_of_record
TN:
SF:script/InitializePool500.s.sol
DA:28,0
FN:28,InitializePool500.run
FNDA:0,InitializePool500.run
DA:29,0
DA:30,0
DA:31,0
DA:34,0
DA:47,0
DA:48,0
DA:50,0
DA:51,0
DA:52,0
DA:53,0
DA:54,0
DA:56,0
DA:57,0
DA:59,0
DA:60,0
DA:62,0
DA:64,0
DA:65,0
DA:66,0
DA:67,0
DA:68,0
FNF:1
FNH:0
LF:22
LH:0
BRF:0
BRH:0
end_of_record
TN:
SF:script/InitializePool500NewHook.s.sol
DA:25,0
FN:25,InitializePool500NewHook.run
FNDA:0,InitializePool500NewHook.run
DA:26,0
DA:27,0
DA:28,0
DA:30,0
DA:40,0
DA:41,0
DA:43,0
DA:44,0
DA:45,0
DA:46,0
DA:47,0
DA:48,0
DA:50,0
DA:51,0
DA:53,0
DA:55,0
DA:57,0
DA:58,0
DA:59,0
FNF:1
FNH:0
LF:20
LH:0
BRF:0
BRH:0
end_of_record
TN:
SF:script/InitializePoolWithNewHook.s.sol
DA:27,0
FN:27,InitializePoolWithNewHook.run
FNDA:0,InitializePoolWithNewHook.run
DA:28,0
DA:29,0
DA:30,0
DA:31,0
DA:32,0
DA:33,0
DA:34,0
DA:35,0
DA:36,0
DA:37,0
DA:41,0
DA:52,0
DA:53,0
DA:55,0
DA:56,0
DA:57,0
DA:60,0
DA:61,0
DA:64,0
DA:65,0
DA:67,0
DA:69,0
DA:70,0
DA:71,0
DA:72,0
DA:73,0
DA:74,0
DA:75,0
FNF:1
FNH:0
LF:29
LH:0
BRF:0
BRH:0
end_of_record
TN:
SF:script/MineHookAddress.s.sol
DA:33,0
FN:33,MineHookAddress.run
FNDA:0,MineHookAddress.run
DA:34,0
DA:35,0
DA:36,0
DA:37,0
DA:38,0
DA:41,0
DA:42,0
DA:43,0
DA:45,0
DA:46,0
DA:47,0
DA:48,0
DA:51,0
DA:56,0
DA:57,0
DA:58,0
DA:59,0
DA:62,0
DA:63,0
DA:65,0
DA:66,0
DA:67,0
DA:69,0
DA:70,0
DA:73,0
DA:88,0
DA:91,0
DA:93,0
BRDA:93,0,0,-
DA:94,0
DA:95,0
DA:96,0
DA:97,0
DA:98,0
DA:99,0
DA:100,0
DA:101,0
DA:102,0
DA:103,0
DA:104,0
DA:105,0
DA:106,0
DA:109,0
DA:114,0
DA:115,0
DA:117,0
DA:121,0
BRDA:121,1,0,-
DA:122,0
DA:126,0
DA:127,0
FNF:1
FNH:0
LF:50
LH:0
BRF:2
BRH:0
end_of_record
TN:
SF:script/QuickSwapTest.s.sol
DA:17,0
FN:17,QuickSwapTest.run
FNDA:0,QuickSwapTest.run
DA:18,0
DA:20,0
DA:21,0
DA:23,0
DA:32,0
DA:38,0
DA:40,0
DA:42,0
DA:51,0
DA:53,0
BRDA:53,0,0,-
BRDA:53,0,1,-
DA:54,0
DA:56,0
DA:57,0
DA:58,0
BRDA:58,1,0,-
DA:59,0
DA:61,0
DA:63,0
DA:64,0
FNF:1
FNH:0
LF:19
LH:0
BRF:3
BRH:0
end_of_record
TN:
SF:script/RedeployHookWithValidAddress.s.sol
DA:28,0
FN:28,RedeployHookWithValidAddress.run
FNDA:0,RedeployHookWithValidAddress.run
DA:29,0
DA:30,0
DA:32,0
DA:33,0
DA:34,0
DA:36,0
DA:37,0
DA:38,0
DA:39,0
DA:40,0
DA:41,0
DA:42,0
DA:43,0
DA:44,0
DA:45,0
DA:48,0
DA:52,0
DA:54,0
DA:55,0
DA:58,0
DA:60,0
DA:61,0
DA:62,0
DA:63,0
DA:66,0
DA:70,0
DA:71,0
DA:73,0
DA:75,0
BRDA:75,0,0,-
BRDA:75,0,1,-
DA:76,0
DA:78,0
DA:81,0
DA:82,0
BRDA:82,1,0,-
BRDA:82,1,1,-
DA:84,0
DA:87,0
DA:92,0
DA:94,0
DA:97,0
DA:108,0
DA:110,0
DA:111,0
DA:112,0
DA:113,0
DA:114,0
DA:115,0
DA:116,0
DA:117,0
DA:118,0
DA:124,0
FN:124,RedeployHookWithValidAddress._mineSalt
FNDA:0,RedeployHookWithValidAddress._mineSalt
DA:129,0
DA:130,0
DA:133,0
DA:144,0
DA:145,0
BRDA:145,2,0,-
DA:146,0
DA:150,0
BRDA:150,3,0,-
DA:151,0
DA:155,0
FNF:2
FNH:0
LF:59
LH:0
BRF:6
BRH:0
end_of_record
TN:
SF:script/RedeployPositionManager.s.sol
DA:25,0
FN:25,RedeployPositionManager.run
FNDA:0,RedeployPositionManager.run
DA:26,0
DA:27,0
DA:29,0
DA:30,0
DA:31,0
DA:32,0
DA:33,0
DA:34,0
DA:35,0
DA:36,0
DA:37,0
DA:38,0
DA:39,0
DA:40,0
DA:42,0
DA:45,0
DA:51,0
DA:53,0
DA:54,0
DA:55,0
DA:56,0
DA:57,0
DA:58,0
DA:59,0
DA:60,0
DA:61,0
DA:62,0
DA:63,0
DA:64,0
DA:65,0
DA:66,0
DA:67,0
DA:68,0
DA:69,0
DA:70,0
DA:71,0
DA:75,0
DA:78,0
DA:79,0
DA:80,0
DA:81,0
DA:82,0
FNF:1
FNH:0
LF:43
LH:0
BRF:0
BRH:0
end_of_record
TN:
SF:script/RedeploySimpleSwapRouter.s.sol
DA:12,0
FN:12,RedeploySimpleSwapRouter.run
FNDA:0,RedeploySimpleSwapRouter.run
DA:13,0
DA:14,0
DA:16,0
DA:18,0
DA:21,0
DA:22,0
DA:25,0
DA:26,0
DA:28,0
DA:30,0
DA:31,0
DA:32,0
FNF:1
FNH:0
LF:13
LH:0
BRF:0
BRH:0
end_of_record
TN:
SF:src/core/ComplianceHook.sol
DA:63,6
FN:63,ComplianceHook.constructor
FNDA:6,ComplianceHook.constructor
DA:64,6
BRDA:64,0,0,-
DA:65,0
DA:67,6
DA:68,6
DA:74,0
FN:74,ComplianceHook.beforeSwap
FNDA:0,ComplianceHook.beforeSwap
DA:80,0
BRDA:80,1,0,-
DA:81,0
DA:84,0
DA:85,0
DA:87,0
BRDA:87,2,0,-
DA:88,0
DA:89,0
DA:92,0
DA:93,0
DA:97,0
FN:97,ComplianceHook.beforeAddLiquidity
FNDA:0,ComplianceHook.beforeAddLiquidity
DA:103,0
BRDA:103,3,0,-
DA:104,0
DA:107,0
DA:108,0
DA:110,0
BRDA:110,4,0,-
DA:111,0
DA:112,0
DA:115,0
DA:116,0
DA:121,0
FN:121,ComplianceHook.beforeRemoveLiquidity
FNDA:0,ComplianceHook.beforeRemoveLiquidity
DA:128,0
DA:129,0
DA:131,0
BRDA:131,5,0,-
DA:132,0
DA:133,0
DA:136,0
DA:137,0
DA:142,0
FN:142,ComplianceHook.beforeInitialize
FNDA:0,ComplianceHook.beforeInitialize
DA:143,0
DA:146,0
FN:146,ComplianceHook.afterInitialize
FNDA:0,ComplianceHook.afterInitialize
DA:147,0
DA:150,0
FN:150,ComplianceHook.afterAddLiquidity
FNDA:0,ComplianceHook.afterAddLiquidity
DA:154,0
DA:157,0
FN:157,ComplianceHook.afterRemoveLiquidity
FNDA:0,ComplianceHook.afterRemoveLiquidity
DA:161,0
DA:164,0
FN:164,ComplianceHook.afterSwap
FNDA:0,ComplianceHook.afterSwap
DA:168,0
DA:171,0
FN:171,ComplianceHook.beforeDonate
FNDA:0,ComplianceHook.beforeDonate
DA:174,0
DA:177,0
FN:177,ComplianceHook.afterDonate
FNDA:0,ComplianceHook.afterDonate
DA:180,0
DA:192,0
FN:192,ComplianceHook._resolveUser
FNDA:0,ComplianceHook._resolveUser
DA:197,0
BRDA:197,6,0,-
DA:198,0
DA:199,0
DA:200,0
DA:201,0
DA:205,0
BRDA:205,7,0,-
DA:206,0
DA:210,0
BRDA:210,8,0,-
DA:211,0
DA:212,0
BRDA:212,9,0,-
DA:213,0
DA:215,0
DA:218,0
DA:224,0
FN:224,ComplianceHook.isUserAllowed
FNDA:0,ComplianceHook.isUserAllowed
DA:225,0
DA:228,0
FN:228,ComplianceHook.batchIsUserAllowed
FNDA:0,ComplianceHook.batchIsUserAllowed
DA:231,0
DA:232,0
DA:233,0
FNF:14
FNH:1
LF:67
LH:4
BRF:10
BRH:0
end_of_record
TN:
SF:src/core/MockVerifier.sol
DA:28,6
FN:28,MockVerifier.constructor
FNDA:6,MockVerifier.constructor
DA:29,6
DA:35,0
FN:35,MockVerifier.verifyComplianceProof
FNDA:0,MockVerifier.verifyComplianceProof
DA:40,0
BRDA:40,0,0,-
DA:41,0
DA:45,0
BRDA:45,1,0,-
DA:46,0
DA:50,0
DA:53,0
DA:57,0
FN:57,MockVerifier.verifyAndExtractUser
FNDA:0,MockVerifier.verifyAndExtractUser
DA:61,0
BRDA:61,2,0,-
DA:62,0
DA:65,0
DA:66,0
DA:76,6
FN:76,MockVerifier.setUserAllowed
FNDA:6,MockVerifier.setUserAllowed
DA:77,6
DA:78,6
DA:86,0
FN:86,MockVerifier.setUsersAllowed
FNDA:0,MockVerifier.setUsersAllowed
DA:87,0
DA:88,0
DA:89,0
DA:97,0
FN:97,MockVerifier.setForceFailure
FNDA:0,MockVerifier.setForceFailure
DA:98,0
FNF:6
FNH:2
LF:23
LH:5
BRF:3
BRH:0
end_of_record
TN:
SF:src/core/Registry.sol
DA:48,6
FN:48,Registry.constructor
FNDA:6,Registry.constructor
DA:49,0
DA:56,6
FN:56,Registry.initialize
FNDA:6,Registry.initialize
DA:57,6
BRDA:57,0,0,-
DA:59,6
DA:61,6
DA:62,6
DA:68,6
FN:68,Registry.registerIssuer
FNDA:6,Registry.registerIssuer
DA:73,6
BRDA:73,1,0,-
DA:74,6
BRDA:74,2,0,-
DA:76,6
DA:82,6
DA:84,6
DA:88,0
FN:88,Registry.updateIssuer
FNDA:0,Registry.updateIssuer
DA:92,0
BRDA:92,3,0,-
DA:93,0
BRDA:93,4,0,-
DA:95,0
DA:97,0
DA:101,0
FN:101,Registry.revokeIssuer
FNDA:0,Registry.revokeIssuer
DA:102,0
BRDA:102,5,0,-
DA:104,0
DA:106,0
DA:110,0
FN:110,Registry.getVerifier
FNDA:0,Registry.getVerifier
DA:111,0
DA:115,0
FN:115,Registry.isIssuerActive
FNDA:0,Registry.isIssuerActive
DA:116,0
DA:117,0
DA:121,0
FN:121,Registry.getIssuerInfo
FNDA:0,Registry.getIssuerInfo
DA:127,0
DA:133,0
FN:133,Registry.approveRouter
FNDA:0,Registry.approveRouter
DA:134,0
BRDA:134,6,0,-
DA:136,0
DA:138,0
DA:142,0
FN:142,Registry.isRouterApproved
FNDA:0,Registry.isRouterApproved
DA:143,0
DA:149,0
FN:149,Registry.setSessionTTL
FNDA:0,Registry.setSessionTTL
DA:150,0
BRDA:150,7,0,-
DA:152,0
DA:153,0
DA:155,0
DA:159,0
FN:159,Registry.getSessionTTL
FNDA:0,Registry.getSessionTTL
DA:160,0
DA:166,0
FN:166,Registry.setEmergencyPause
FNDA:0,Registry.setEmergencyPause
DA:167,0
DA:169,0
DA:173,7
FN:173,Registry.emergencyPaused
FNDA:7,Registry.emergencyPaused
DA:174,7
DA:183,0
FN:183,Registry._authorizeUpgrade
FNDA:0,Registry._authorizeUpgrade
DA:195,0
FN:195,Registry.version
FNDA:0,Registry.version
DA:196,0
FNF:16
FNH:4
LF:50
LH:14
BRF:8
BRH:0
end_of_record
TN:
SF:src/core/SessionManager.sol
DA:41,6
FN:41,SessionManager.constructor
FNDA:6,SessionManager.constructor
DA:42,0
DA:51,6
FN:51,SessionManager.initialize
FNDA:6,SessionManager.initialize
DA:56,6
BRDA:56,0,0,-
DA:57,0
DA:60,0
DA:62,6
DA:64,6
DA:65,6
DA:71,5
FN:71,SessionManager.startSession
FNDA:5,SessionManager.startSession
DA:76,5
BRDA:76,1,0,-
DA:77,5
BRDA:77,2,0,-
DA:79,5
DA:81,5
DA:85,7
FN:85,SessionManager.isSessionActive
FNDA:7,SessionManager.isSessionActive
DA:86,7
DA:90,0
FN:90,SessionManager.sessionExpiry
FNDA:0,SessionManager.sessionExpiry
DA:91,0
DA:95,0
FN:95,SessionManager.endSession
FNDA:0,SessionManager.endSession
DA:100,0
BRDA:100,3,0,-
DA:104,0
DA:108,0
FN:108,SessionManager.endSessionBatch
FNDA:0,SessionManager.endSessionBatch
DA:113,0
DA:114,0
BRDA:114,4,0,-
DA:116,0
DA:128,7
FN:128,SessionManager._isSessionActive
FNDA:7,SessionManager._isSessionActive
DA:129,7
DA:138,0
FN:138,SessionManager._authorizeUpgrade
FNDA:0,SessionManager._authorizeUpgrade
DA:151,0
FN:151,SessionManager.batchIsSessionActive
FNDA:0,SessionManager.batchIsSessionActive
DA:156,0
DA:157,0
DA:158,0
DA:167,0
FN:167,SessionManager.getRemainingTime
FNDA:0,SessionManager.getRemainingTime
DA:168,0
DA:169,0
BRDA:169,5,0,-
DA:170,0
DA:172,0
DA:179,0
FN:179,SessionManager.version
FNDA:0,SessionManager.version
DA:180,0
FNF:12
FNH:5
LF:39
LH:15
BRF:6
BRH:0
end_of_record
TN:
SF:src/core/VerifiedPoolsPositionManager.sol
DA:111,6
FN:111,VerifiedPoolsPositionManager.constructor
FNDA:6,VerifiedPoolsPositionManager.constructor
DA:112,6
DA:113,6
DA:114,6
DA:119,1
FN:119,VerifiedPoolsPositionManager.onlyVerified
FNDA:1,VerifiedPoolsPositionManager.onlyVerified
DA:120,1
BRDA:120,0,0,-
DA:121,1
BRDA:121,1,0,-
DA:122,0
DA:127,8
FN:127,VerifiedPoolsPositionManager.onlyPoolManager
FNDA:8,VerifiedPoolsPositionManager.onlyPoolManager
DA:128,8
BRDA:128,2,0,-
DA:143,5
FN:143,VerifiedPoolsPositionManager.mint
FNDA:5,VerifiedPoolsPositionManager.mint
DA:150,5
DA:153,5
DA:162,5
DA:165,5
DA:177,5
DA:180,5
DA:182,5
DA:199,1
FN:199,VerifiedPoolsPositionManager.increaseLiquidity
FNDA:1,VerifiedPoolsPositionManager.increaseLiquidity
DA:204,1
DA:206,1
BRDA:206,3,0,-
DA:207,0
DA:211,1
DA:223,1
DA:226,1
DA:228,1
DA:237,2
FN:237,VerifiedPoolsPositionManager.decreaseLiquidity
FNDA:2,VerifiedPoolsPositionManager.decreaseLiquidity
DA:242,2
DA:244,2
BRDA:244,4,0,-
DA:245,0
DA:248,2
BRDA:248,5,0,-
DA:249,0
DA:256,2
DA:268,2
DA:271,2
DA:273,2
DA:279,2
FN:279,VerifiedPoolsPositionManager.burn
FNDA:2,VerifiedPoolsPositionManager.burn
DA:280,2
DA:282,2
BRDA:282,6,0,-
DA:283,0
DA:286,2
BRDA:286,7,0,1
DA:287,1
DA:293,1
DA:302,8
FN:302,VerifiedPoolsPositionManager.unlockCallback
FNDA:8,VerifiedPoolsPositionManager.unlockCallback
DA:303,8
DA:306,8
DA:314,8
DA:321,8
DA:323,8
DA:330,8
FN:330,VerifiedPoolsPositionManager._settleDelta
FNDA:8,VerifiedPoolsPositionManager._settleDelta
DA:335,8
DA:336,8
DA:339,8
BRDA:339,8,0,2
BRDA:339,8,1,6
DA:341,2
DA:342,6
BRDA:342,9,0,6
DA:344,6
DA:348,8
BRDA:348,10,0,2
BRDA:348,10,1,6
DA:350,2
DA:351,6
BRDA:351,11,0,6
DA:353,6
DA:360,12
FN:360,VerifiedPoolsPositionManager._settleToken
FNDA:12,VerifiedPoolsPositionManager._settleToken
DA:361,12
BRDA:361,12,0,-
BRDA:361,12,1,-
DA:363,0
DA:366,12
DA:367,12
DA:368,12
DA:382,1
FN:382,VerifiedPoolsPositionManager.safeTransferFrom.0
FNDA:1,VerifiedPoolsPositionManager.safeTransferFrom.0
DA:387,1
DA:393,0
FN:393,VerifiedPoolsPositionManager.safeTransferFrom.1
FNDA:0,VerifiedPoolsPositionManager.safeTransferFrom.1
DA:399,0
DA:405,1
FN:405,VerifiedPoolsPositionManager.transferFrom
FNDA:1,VerifiedPoolsPositionManager.transferFrom
DA:410,1
DA:418,3
FN:418,VerifiedPoolsPositionManager.getPosition
FNDA:3,VerifiedPoolsPositionManager.getPosition
DA:419,3
DA:425,2
FN:425,VerifiedPoolsPositionManager.ownerOf
FNDA:2,VerifiedPoolsPositionManager.ownerOf
DA:426,2
DA:432,0
FN:432,VerifiedPoolsPositionManager.getPoolKey
FNDA:0,VerifiedPoolsPositionManager.getPoolKey
DA:433,0
FNF:16
FNH:14
LF:78
LH:68
BRF:16
BRH:7
end_of_record
TN:
SF:src/helpers/SimpleSwapRouter.sol
DA:44,0
FN:44,SimpleSwapRouter.constructor
FNDA:0,SimpleSwapRouter.constructor
DA:45,0
DA:55,0
FN:55,SimpleSwapRouter.swap
FNDA:0,SimpleSwapRouter.swap
DA:61,0
DA:69,0
DA:70,0
DA:72,0
DA:85,0
FN:85,SimpleSwapRouter.unlockCallback
FNDA:0,SimpleSwapRouter.unlockCallback
DA:87,0
BRDA:87,0,0,-
DA:90,0
DA:93,0
DA:100,0
DA:103,0
DA:109,0
FN:109,SimpleSwapRouter._settleSwap
FNDA:0,SimpleSwapRouter._settleSwap
DA:115,0
DA:116,0
DA:119,0
BRDA:119,1,0,-
BRDA:119,1,1,-
DA:121,0
BRDA:121,2,0,-
DA:122,0
BRDA:122,3,0,-
DA:125,0
BRDA:125,4,0,-
DA:126,0
BRDA:126,5,0,-
DA:133,0
FN:133,SimpleSwapRouter._settle
FNDA:0,SimpleSwapRouter._settle
DA:134,0
BRDA:134,6,0,-
BRDA:134,6,1,-
DA:136,0
DA:139,0
DA:140,0
DA:145,0
FNF:5
FNH:0
LF:27
LH:0
BRF:9
BRH:0
end_of_record
TN:
SF:src/libraries/EIP712Verifier.sol
DA:56,0
FN:56,EIP712Verifier.verifySwapPermit
FNDA:0,EIP712Verifier.verifySwapPermit
DA:63,0
BRDA:63,0,0,-
DA:64,0
DA:68,0
BRDA:68,1,0,-
DA:69,0
DA:73,0
DA:78,0
DA:81,0
DA:84,0
BRDA:84,2,0,-
DA:85,0
DA:89,0
DA:90,0
DA:92,0
DA:104,0
FN:104,EIP712Verifier.verifyLiquidityPermit
FNDA:0,EIP712Verifier.verifyLiquidityPermit
DA:111,0
BRDA:111,3,0,-
DA:112,0
DA:115,0
BRDA:115,4,0,-
DA:116,0
DA:119,0
DA:123,0
DA:124,0
DA:126,0
BRDA:126,5,0,-
DA:127,0
DA:130,0
DA:131,0
DA:133,0
DA:144,0
FN:144,EIP712Verifier.verifySwapPermitView
FNDA:0,EIP712Verifier.verifySwapPermitView
DA:150,0
BRDA:150,6,0,-
DA:151,0
DA:154,0
BRDA:154,7,0,-
DA:155,0
DA:158,0
DA:162,0
DA:163,0
DA:165,0
DA:175,0
FN:175,EIP712Verifier.getNonce
FNDA:0,EIP712Verifier.getNonce
DA:176,0
DA:183,0
FN:183,EIP712Verifier.getDomainSeparator
FNDA:0,EIP712Verifier.getDomainSeparator
DA:184,0
FNF:5
FNH:0
LF:39
LH:0
BRF:8
BRH:0
end_of_record
TN:
SF:src/verifiers/PlonkVerifier.sol
DA:125,0
FN:125,PlonkVerifier.verifyProof
FNDA:0,PlonkVerifier.verifyProof
DA:130,0
FN:130,PlonkVerifier.inverse
FNDA:0,PlonkVerifier.inverse
DA:131,0
DA:132,0
DA:133,0
DA:134,0
DA:135,0
DA:136,0
DA:138,0
DA:139,0
DA:140,0
DA:141,0
DA:142,0
DA:144,0
DA:145,0
DA:146,0
DA:149,0
BRDA:149,0,0,-
DA:150,0
BRDA:150,1,0,-
DA:152,0
DA:159,0
FN:159,PlonkVerifier.inverseArray
FNDA:0,PlonkVerifier.inverseArray
DA:161,0
DA:162,0
DA:163,0
DA:164,0
DA:165,0
DA:166,0
DA:169,0
DA:170,0
DA:171,0
DA:173,0
DA:174,0
DA:175,0
DA:177,0
DA:180,0
DA:182,0
DA:183,0
DA:184,0
DA:185,0
DA:186,0
DA:188,0
DA:189,0
DA:190,0
DA:191,0
DA:194,0
DA:197,0
FN:197,PlonkVerifier.checkField
FNDA:0,PlonkVerifier.checkField
DA:198,0
BRDA:198,2,0,-
DA:199,0
DA:200,0
DA:204,0
FN:204,PlonkVerifier.checkPointBelongsToBN128Curve
FNDA:0,PlonkVerifier.checkPointBelongsToBN128Curve
DA:205,0
DA:206,0
DA:210,0
DA:211,0
DA:213,0
BRDA:213,3,0,-
DA:214,0
DA:215,0
DA:219,0
FN:219,PlonkVerifier.checkProofData
FNDA:0,PlonkVerifier.checkProofData
DA:221,0
DA:222,0
DA:223,0
DA:224,0
DA:225,0
DA:226,0
DA:227,0
DA:228,0
DA:229,0
DA:232,0
DA:233,0
DA:234,0
DA:235,0
DA:236,0
DA:237,0
DA:238,0
DA:239,0
DA:240,0
DA:241,0
DA:242,0
DA:243,0
DA:244,0
DA:245,0
DA:246,0
DA:247,0
DA:248,0
DA:249,0
DA:252,0
DA:253,0
DA:254,0
DA:255,0
DA:256,0
DA:257,0
DA:260,0
FN:260,PlonkVerifier.calculateChallenges
FNDA:0,PlonkVerifier.calculateChallenges
DA:261,0
DA:262,0
DA:264,0
DA:267,0
DA:268,0
DA:269,0
DA:270,0
DA:271,0
DA:272,0
DA:273,0
DA:274,0
DA:275,0
DA:276,0
DA:277,0
DA:278,0
DA:279,0
DA:280,0
DA:281,0
DA:282,0
DA:285,0
DA:287,0
DA:289,0
DA:291,0
DA:292,0
DA:293,0
DA:294,0
DA:295,0
DA:296,0
DA:298,0
DA:299,0
DA:302,0
DA:305,0
DA:306,0
DA:307,0
DA:308,0
DA:310,0
DA:311,0
DA:312,0
DA:315,0
DA:316,0
DA:317,0
DA:318,0
DA:319,0
DA:320,0
DA:321,0
DA:323,0
DA:324,0
DA:327,0
DA:328,0
DA:329,0
DA:330,0
DA:331,0
DA:332,0
DA:333,0
DA:335,0
DA:336,0
DA:339,0
DA:343,0
DA:345,0
DA:347,0
DA:349,0
DA:351,0
DA:353,0
DA:355,0
DA:357,0
DA:359,0
DA:361,0
DA:363,0
DA:365,0
DA:367,0
DA:369,0
DA:371,0
DA:374,0
DA:375,0
DA:376,0
DA:379,0
DA:380,0
DA:381,0
DA:382,0
DA:383,0
DA:384,0
DA:385,0
DA:386,0
DA:389,0
DA:390,0
DA:391,0
DA:392,0
DA:394,0
DA:397,0
FN:397,PlonkVerifier.calculateLagrange
FNDA:0,PlonkVerifier.calculateLagrange
DA:398,0
DA:400,0
DA:418,0
DA:421,0
DA:439,0
DA:442,0
DA:462,0
DA:464,0
DA:465,0
DA:468,0
DA:478,0
DA:482,0
DA:496,0
DA:500,0
DA:519,0
FN:519,PlonkVerifier.calculatePI
FNDA:0,PlonkVerifier.calculatePI
DA:520,0
DA:523,0
DA:538,0
DA:553,0
DA:569,0
DA:572,0
FN:572,PlonkVerifier.calculateR0
FNDA:0,PlonkVerifier.calculateR0
DA:573,0
DA:575,0
DA:577,0
DA:581,0
DA:583,0
DA:587,0
DA:589,0
DA:594,0
DA:595,0
DA:596,0
DA:598,0
DA:599,0
DA:601,0
DA:604,0
FN:604,PlonkVerifier.g1_set
FNDA:0,PlonkVerifier.g1_set
DA:605,0
DA:606,0
DA:609,0
FN:609,PlonkVerifier.g1_setC
FNDA:0,PlonkVerifier.g1_setC
DA:610,0
DA:611,0
DA:614,0
FN:614,PlonkVerifier.g1_calldataSet
FNDA:0,PlonkVerifier.g1_calldataSet
DA:615,0
DA:616,0
DA:619,0
FN:619,PlonkVerifier.g1_acc
FNDA:0,PlonkVerifier.g1_acc
DA:620,0
DA:621,0
DA:622,0
DA:623,0
DA:624,0
DA:626,0
DA:628,0
BRDA:628,4,0,-
DA:629,0
DA:630,0
DA:634,0
FN:634,PlonkVerifier.g1_mulAcc
FNDA:0,PlonkVerifier.g1_mulAcc
DA:635,0
DA:636,0
DA:637,0
DA:638,0
DA:639,0
DA:641,0
DA:643,0
BRDA:643,5,0,-
DA:644,0
DA:645,0
DA:648,0
DA:649,0
DA:651,0
DA:653,0
BRDA:653,6,0,-
DA:654,0
DA:655,0
DA:660,0
FN:660,PlonkVerifier.g1_mulAccC
FNDA:0,PlonkVerifier.g1_mulAccC
DA:661,0
DA:662,0
DA:663,0
DA:664,0
DA:665,0
DA:667,0
DA:669,0
BRDA:669,7,0,-
DA:670,0
DA:671,0
DA:674,0
DA:675,0
DA:677,0
DA:679,0
BRDA:679,8,0,-
DA:680,0
DA:681,0
DA:685,0
FN:685,PlonkVerifier.g1_mulSetC
FNDA:0,PlonkVerifier.g1_mulSetC
DA:686,0
DA:687,0
DA:688,0
DA:689,0
DA:690,0
DA:692,0
DA:694,0
BRDA:694,9,0,-
DA:695,0
DA:696,0
DA:700,0
FN:700,PlonkVerifier.g1_mulSet
FNDA:0,PlonkVerifier.g1_mulSet
DA:701,0
DA:704,0
FN:704,PlonkVerifier.calculateD
FNDA:0,PlonkVerifier.calculateD
DA:705,0
DA:706,0
DA:707,0
DA:708,0
DA:710,0
DA:711,0
DA:712,0
DA:713,0
DA:714,0
DA:716,0
DA:717,0
DA:721,0
DA:727,0
DA:733,0
DA:739,0
DA:746,0
DA:747,0
DA:753,0
DA:759,0
DA:765,0
DA:771,0
DA:778,0
DA:780,0
DA:781,0
DA:782,0
DA:784,0
DA:786,0
DA:787,0
DA:788,0
DA:789,0
DA:790,0
DA:793,0
FN:793,PlonkVerifier.calculateF
FNDA:0,PlonkVerifier.calculateF
DA:794,0
DA:796,0
DA:797,0
DA:798,0
DA:799,0
DA:800,0
DA:801,0
DA:804,0
FN:804,PlonkVerifier.calculateE
FNDA:0,PlonkVerifier.calculateE
DA:805,0
DA:807,0
DA:808,0
DA:809,0
DA:810,0
DA:811,0
DA:812,0
DA:814,0
DA:817,0
FN:817,PlonkVerifier.checkPairing
FNDA:0,PlonkVerifier.checkPairing
DA:818,0
DA:819,0
DA:821,0
DA:822,0
DA:823,0
DA:825,0
DA:826,0
DA:829,0
DA:830,0
DA:831,0
DA:834,0
DA:835,0
DA:836,0
DA:837,0
DA:840,0
DA:842,0
DA:843,0
DA:844,0
DA:845,0
DA:846,0
DA:847,0
DA:848,0
DA:851,0
DA:852,0
DA:853,0
DA:854,0
DA:856,0
DA:858,0
DA:861,0
DA:862,0
DA:864,0
DA:865,0
DA:866,0
DA:867,0
DA:868,0
DA:869,0
DA:870,0
DA:871,0
DA:872,0
DA:874,0
DA:875,0
DA:876,0
FNF:22
FNH:0
LF:369
LH:0
BRF:10
BRH:0
end_of_record
TN:
SF:src/verifiers/PlonkVerifierAdapter.sol
DA:30,0
FN:30,PlonkVerifierAdapter.constructor
FNDA:0,PlonkVerifierAdapter.constructor
DA:31,0
DA:42,0
FN:42,PlonkVerifierAdapter.verifyComplianceProof
FNDA:0,PlonkVerifierAdapter.verifyComplianceProof
DA:47,0
BRDA:47,0,0,-
DA:48,0
BRDA:48,1,0,-
DA:51,0
DA:52,0
DA:53,0
DA:57,0
DA:64,0
DA:77,0
FN:77,PlonkVerifierAdapter.verifyAndExtractUser
FNDA:0,PlonkVerifierAdapter.verifyAndExtractUser
DA:82,0
BRDA:82,2,0,-
DA:83,0
BRDA:83,3,0,-
DA:86,0
DA:89,0
DA:91,0
DA:101,0
FN:101,PlonkVerifierAdapter._bytesToUint256Array24
FNDA:0,PlonkVerifierAdapter._bytesToUint256Array24
DA:106,0
BRDA:106,4,0,-
BRDA:106,4,1,-
DA:108,0
DA:109,0
DA:112,0
DA:119,0
FN:119,PlonkVerifierAdapter.version
FNDA:0,PlonkVerifierAdapter.version
DA:120,0
FNF:5
FNH:0
LF:23
LH:0
BRF:6
BRH:0
end_of_record
TN:
SF:test/integration/SwapRouterTest.t.sol
DA:24,0
FN:24,MockERC20.constructor
FNDA:0,MockERC20.constructor
DA:25,0
DA:28,0
FN:28,MockERC20.mint
FNDA:0,MockERC20.mint
DA:29,0
DA:32,0
FN:32,MockERC20.decimals
FNDA:0,MockERC20.decimals
DA:33,0
FNF:3
FNH:0
LF:6
LH:0
BRF:0
BRH:0
end_of_record
TN:
SF:test/unit/VerifiedPoolsPositionManager.t.sol
DA:23,12
FN:23,MockERC20.mint
FNDA:12,MockERC20.mint
DA:24,12
FNF:1
FNH:1
LF:2
LH:2
BRF:0
BRH:0
end_of_record
